<?xml version="1.0" encoding="UTF-8"?>
<!-- Generated by org.testng.reporters.JUnitReportReporter -->
<testsuite hostname="Mahesh_PC" failures="4" tests="17" name="runner.TestRunner" time="11.632" errors="0" timestamp="2024-10-18T02:37:47 CDT" skipped="0">
  <testcase classname="runner.TestRunner" name="runScenario" time="1.806"/>
  <system-out/>
  <testcase classname="runner.TestRunner" name="runScenario" time="0.250">
    <failure message="expected [404] but found [500]" type="java.lang.AssertionError">
      <![CDATA[java.lang.AssertionError: expected [404] but found [500]
at org.testng.Assert.fail(Assert.java:110)
at org.testng.Assert.failNotEquals(Assert.java:1577)
at org.testng.Assert.assertEqualsImpl(Assert.java:149)
at org.testng.Assert.assertEquals(Assert.java:131)
at org.testng.Assert.assertEquals(Assert.java:1418)
at org.testng.Assert.assertEquals(Assert.java:1382)
at org.testng.Assert.assertEquals(Assert.java:1428)
at stepDefinitions.getUserByIDSteps.the_response_status_code_should_be_not_found(getUserByIDSteps.java:95)
at ✽.The response status code should be 404 Not Found(file:///C:/Users/manal_/eclipse-workspace/UserAPIProject/src/test/resources/features/03GetUser.feature:48)
]]>
    </failure>
  </testcase> <!-- runScenario -->
  <system-out/>
  <testcase classname="runner.TestRunner" name="runScenario" time="0.407"/>
  <system-out/>
  <testcase classname="runner.TestRunner" name="runScenario" time="0.455"/>
  <system-out/>
  <testcase classname="runner.TestRunner" name="runScenario" time="0.359"/>
  <system-out/>
  <testcase classname="runner.TestRunner" name="runScenario" time="0.488"/>
  <system-out/>
  <testcase classname="runner.TestRunner" name="runScenario" time="0.418"/>
  <system-out/>
  <testcase classname="runner.TestRunner" name="runScenario" time="0.369"/>
  <system-out/>
  <testcase classname="runner.TestRunner" name="runScenario" time="0.396">
    <failure message="1 expectation failed.
Response body doesn&#039;t match expectation.
Expected: The content to match the given JSON schema.
error: instance type (object) does not match any allowed primitive type (allowed: [&quot;array&quot;])
    level: &quot;error&quot;
    schema: {&quot;loadingURI&quot;:&quot;file:/C:/Users/manal_/eclipse-workspace/UserAPIProject/target/test-classes/Schema/getUserByFirstNameSchema.json#&quot;,&quot;pointer&quot;:&quot;&quot;}
    instance: {&quot;pointer&quot;:&quot;&quot;}
    domain: &quot;validation&quot;
    keyword: &quot;type&quot;
    found: &quot;object&quot;
    expected: [&quot;array&quot;]

  Actual: {&quot;userAddress&quot;:{&quot;addressId&quot;:11117,&quot;plotNumber&quot;:&quot;ab-12&quot;,&quot;street&quot;:&quot;John&quot;,&quot;state&quot;:&quot;Texas&quot;,&quot;country&quot;:&quot;USA&quot;,&quot;zipCode&quot;:60091},&quot;user_id&quot;:11149,&quot;user_first_name&quot;:&quot;Jill&quot;,&quot;user_last_name&quot;:&quot;QA&quot;,&quot;user_contact_number&quot;:2257784561,&quot;user_email_id&quot;:&quot;team5jillupdated@qa.com&quot;,&quot;creation_time&quot;:&quot;2024-10-18T07:37:36.758+00:00&quot;,&quot;last_mod_time&quot;:&quot;2024-10-18T07:37:38.586+00:00&quot;}
" type="java.lang.AssertionError">
      <![CDATA[java.lang.AssertionError: 1 expectation failed.
Response body doesn't match expectation.
Expected: The content to match the given JSON schema.
error: instance type (object) does not match any allowed primitive type (allowed: ["array"])
    level: "error"
    schema: {"loadingURI":"file:/C:/Users/manal_/eclipse-workspace/UserAPIProject/target/test-classes/Schema/getUserByFirstNameSchema.json#","pointer":""}
    instance: {"pointer":""}
    domain: "validation"
    keyword: "type"
    found: "object"
    expected: ["array"]

  Actual: {"userAddress":{"addressId":11117,"plotNumber":"ab-12","street":"John","state":"Texas","country":"USA","zipCode":60091},"user_id":11149,"user_first_name":"Jill","user_last_name":"QA","user_contact_number":2257784561,"user_email_id":"team5jillupdated@qa.com","creation_time":"2024-10-18T07:37:36.758+00:00","last_mod_time":"2024-10-18T07:37:38.586+00:00"}

at java.base/jdk.internal.reflect.DirectConstructorHandleAccessor.newInstance(DirectConstructorHandleAccessor.java:62)
at java.base/java.lang.reflect.Constructor.newInstanceWithCaller(Constructor.java:502)
at java.base/java.lang.reflect.Constructor.newInstance(Constructor.java:486)
at org.codehaus.groovy.reflection.CachedConstructor.invoke(CachedConstructor.java:73)
at org.codehaus.groovy.runtime.callsite.ConstructorSite$ConstructorSiteNoUnwrapNoCoerce.callConstructor(ConstructorSite.java:108)
at org.codehaus.groovy.runtime.callsite.CallSiteArray.defaultCallConstructor(CallSiteArray.java:57)
at org.codehaus.groovy.runtime.callsite.AbstractCallSite.callConstructor(AbstractCallSite.java:263)
at org.codehaus.groovy.runtime.callsite.AbstractCallSite.callConstructor(AbstractCallSite.java:277)
at io.restassured.internal.ResponseSpecificationImpl$HamcrestAssertionClosure.validate(ResponseSpecificationImpl.groovy:512)
at io.restassured.internal.ResponseSpecificationImpl$HamcrestAssertionClosure$validate$1.call(Unknown Source)
at io.restassured.internal.ResponseSpecificationImpl.validateResponseIfRequired(ResponseSpecificationImpl.groovy:696)
at io.restassured.internal.ResponseSpecificationImpl.this$2$validateResponseIfRequired(ResponseSpecificationImpl.groovy)
at java.base/jdk.internal.reflect.DirectMethodHandleAccessor.invoke(DirectMethodHandleAccessor.java:103)
at java.base/java.lang.reflect.Method.invoke(Method.java:580)
at org.codehaus.groovy.runtime.callsite.PlainObjectMetaMethodSite.doInvoke(PlainObjectMetaMethodSite.java:43)
at org.codehaus.groovy.runtime.callsite.PogoMetaMethodSite$PogoCachedMethodSiteNoUnwrapNoCoerce.invoke(PogoMetaMethodSite.java:198)
at org.codehaus.groovy.runtime.callsite.PogoMetaMethodSite.callCurrent(PogoMetaMethodSite.java:62)
at org.codehaus.groovy.runtime.callsite.AbstractCallSite.callCurrent(AbstractCallSite.java:185)
at io.restassured.internal.ResponseSpecificationImpl.body(ResponseSpecificationImpl.groovy:107)
at io.restassured.internal.ValidatableResponseOptionsImpl.body(ValidatableResponseOptionsImpl.java:238)
at stepDefinitions.getUserByIDSteps.validate_json_schema_for_the_retrived_user_details(getUserByIDSteps.java:56)
at ✽.Validate the JSON Schema for retrived user details(file:///C:/Users/manal_/eclipse-workspace/UserAPIProject/src/test/resources/features/03GetUser.feature:9)
]]>
    </failure>
  </testcase> <!-- runScenario -->
  <system-out/>
  <testcase classname="runner.TestRunner" name="runScenario" time="0.435"/>
  <system-out/>
  <testcase classname="runner.TestRunner" name="runScenario" time="0.366">
    <failure message="1 expectation failed.
Response body doesn&#039;t match expectation.
Expected: The content to match the given JSON schema.
error: instance type (object) does not match any allowed primitive type (allowed: [&quot;array&quot;])
    level: &quot;error&quot;
    schema: {&quot;loadingURI&quot;:&quot;file:/C:/Users/manal_/eclipse-workspace/UserAPIProject/target/test-classes/Schema/getUserByFirstNameSchema.json#&quot;,&quot;pointer&quot;:&quot;&quot;}
    instance: {&quot;pointer&quot;:&quot;&quot;}
    domain: &quot;validation&quot;
    keyword: &quot;type&quot;
    found: &quot;object&quot;
    expected: [&quot;array&quot;]

  Actual: {&quot;userAddress&quot;:{&quot;addressId&quot;:11118,&quot;plotNumber&quot;:&quot;ab-12&quot;,&quot;street&quot;:&quot;Vision&quot;,&quot;state&quot;:&quot;Illinois&quot;,&quot;country&quot;:&quot;USA&quot;,&quot;zipCode&quot;:60091},&quot;user_id&quot;:11150,&quot;user_first_name&quot;:&quot;David&quot;,&quot;user_last_name&quot;:&quot;Test&quot;,&quot;user_contact_number&quot;:2257784562,&quot;user_email_id&quot;:&quot;team5davidupdated@qa.com&quot;,&quot;creation_time&quot;:&quot;2024-10-18T07:37:38.090+00:00&quot;,&quot;last_mod_time&quot;:&quot;2024-10-18T07:37:39.033+00:00&quot;}
" type="java.lang.AssertionError">
      <![CDATA[java.lang.AssertionError: 1 expectation failed.
Response body doesn't match expectation.
Expected: The content to match the given JSON schema.
error: instance type (object) does not match any allowed primitive type (allowed: ["array"])
    level: "error"
    schema: {"loadingURI":"file:/C:/Users/manal_/eclipse-workspace/UserAPIProject/target/test-classes/Schema/getUserByFirstNameSchema.json#","pointer":""}
    instance: {"pointer":""}
    domain: "validation"
    keyword: "type"
    found: "object"
    expected: ["array"]

  Actual: {"userAddress":{"addressId":11118,"plotNumber":"ab-12","street":"Vision","state":"Illinois","country":"USA","zipCode":60091},"user_id":11150,"user_first_name":"David","user_last_name":"Test","user_contact_number":2257784562,"user_email_id":"team5davidupdated@qa.com","creation_time":"2024-10-18T07:37:38.090+00:00","last_mod_time":"2024-10-18T07:37:39.033+00:00"}

at java.base/jdk.internal.reflect.DirectConstructorHandleAccessor.newInstance(DirectConstructorHandleAccessor.java:62)
at java.base/java.lang.reflect.Constructor.newInstanceWithCaller(Constructor.java:502)
at java.base/java.lang.reflect.Constructor.newInstance(Constructor.java:486)
at org.codehaus.groovy.reflection.CachedConstructor.invoke(CachedConstructor.java:73)
at org.codehaus.groovy.runtime.callsite.ConstructorSite$ConstructorSiteNoUnwrapNoCoerce.callConstructor(ConstructorSite.java:108)
at org.codehaus.groovy.runtime.callsite.AbstractCallSite.callConstructor(AbstractCallSite.java:277)
at io.restassured.internal.ResponseSpecificationImpl$HamcrestAssertionClosure.validate(ResponseSpecificationImpl.groovy:512)
at io.restassured.internal.ResponseSpecificationImpl$HamcrestAssertionClosure$validate$1.call(Unknown Source)
at io.restassured.internal.ResponseSpecificationImpl.validateResponseIfRequired(ResponseSpecificationImpl.groovy:696)
at io.restassured.internal.ResponseSpecificationImpl.this$2$validateResponseIfRequired(ResponseSpecificationImpl.groovy)
at java.base/jdk.internal.reflect.DirectMethodHandleAccessor.invoke(DirectMethodHandleAccessor.java:103)
at java.base/java.lang.reflect.Method.invoke(Method.java:580)
at org.codehaus.groovy.runtime.callsite.PlainObjectMetaMethodSite.doInvoke(PlainObjectMetaMethodSite.java:43)
at org.codehaus.groovy.runtime.callsite.PogoMetaMethodSite$PogoCachedMethodSiteNoUnwrapNoCoerce.invoke(PogoMetaMethodSite.java:198)
at org.codehaus.groovy.runtime.callsite.PogoMetaMethodSite.callCurrent(PogoMetaMethodSite.java:62)
at org.codehaus.groovy.runtime.callsite.AbstractCallSite.callCurrent(AbstractCallSite.java:185)
at io.restassured.internal.ResponseSpecificationImpl.body(ResponseSpecificationImpl.groovy:107)
at io.restassured.internal.ValidatableResponseOptionsImpl.body(ValidatableResponseOptionsImpl.java:238)
at stepDefinitions.getUserByIDSteps.validate_json_schema_for_the_retrived_user_details(getUserByIDSteps.java:56)
at ✽.Validate the JSON Schema for retrived user details(file:///C:/Users/manal_/eclipse-workspace/UserAPIProject/src/test/resources/features/03GetUser.feature:9)
]]>
    </failure>
  </testcase> <!-- runScenario -->
  <system-out/>
  <testcase classname="runner.TestRunner" name="runScenario" time="0.441"/>
  <system-out/>
  <testcase classname="runner.TestRunner" name="runScenario" time="0.365"/>
  <system-out/>
  <testcase classname="runner.TestRunner" name="runScenario" time="0.378"/>
  <system-out/>
  <testcase classname="runner.TestRunner" name="runScenario" time="4.065"/>
  <system-out/>
  <testcase classname="runner.TestRunner" name="runScenario" time="0.354"/>
  <system-out/>
  <testcase classname="runner.TestRunner" name="runScenario" time="0.280">
    <failure message="expected [400] but found [500]" type="java.lang.AssertionError">
      <![CDATA[java.lang.AssertionError: expected [400] but found [500]
at org.testng.Assert.fail(Assert.java:110)
at org.testng.Assert.failNotEquals(Assert.java:1577)
at org.testng.Assert.assertEqualsImpl(Assert.java:149)
at org.testng.Assert.assertEquals(Assert.java:131)
at org.testng.Assert.assertEquals(Assert.java:1418)
at org.testng.Assert.assertEquals(Assert.java:1382)
at org.testng.Assert.assertEquals(Assert.java:1428)
at stepDefinitions.deleteUserByIDSteps.user_Notdeleted_status(deleteUserByIDSteps.java:53)
at ✽.The status code should be 400 Bad Request(file:///C:/Users/manal_/eclipse-workspace/UserAPIProject/src/test/resources/features/04DeleteUser.feature:18)
]]>
    </failure>
  </testcase> <!-- runScenario -->
  <system-out/>
</testsuite> <!-- runner.TestRunner -->
