<?xml version="1.0" encoding="UTF-8"?>
<!-- Generated by org.testng.reporters.JUnitReportReporter -->
<testsuite hostname="Mahesh_PC" failures="0" tests="1" name="runner.TestRunner" time="3.776" errors="0" timestamp="2024-10-18T12:42:24 CDT" skipped="0">
  <testcase classname="runner.TestRunner" name="runScenario" time="3.776"/>
  <system-out/>
</testsuite> <!-- runner.TestRunner -->
